<?xml version="1.0" encoding="UTF-8"?>
<testsuite name="Домашнее задание с параметризованными тестами" tests="2" skipped="0" failures="0" errors="0" timestamp="2023-05-11T14:01:59" hostname="WGD02RTI1051" time="7.278">
  <properties/>
  <testcase name="В поисковой строке по запросу: Selenide отображается результат: selenide/selenide" classname="blow.back.JunitWithAnnotationTest" time="5.569"/>
  <testcase name="В поисковой строке по запросу: Allure отображается результат: allure-framework/allure2" classname="blow.back.JunitWithAnnotationTest" time="1.708"/>
  <system-out><![CDATA[]]></system-out>
  <system-err><![CDATA[SLF4J: No SLF4J providers were found.
SLF4J: Defaulting to no-operation (NOP) logger implementation
SLF4J: See https://www.slf4j.org/codes.html#noProviders for further details.
Starting ChromeDriver 113.0.5672.63 (0e1a4471d5ae5bf128b1bd8f4d627c8cbd55f70c-refs/branch-heads/5672@{#912}) on port 33272
Only local connections are allowed.
Please see https://chromedriver.chromium.org/security-considerations for suggestions on keeping ChromeDriver safe.
ChromeDriver was started successfully.
мая 11, 2023 5:02:02 PM org.openqa.selenium.devtools.CdpVersionFinder findNearestMatch
WARNING: Unable to find an exact match for CDP version 113, so returning the closest version found: 110
]]></system-err>
</testsuite>
